<?xml version="1.0" encoding="UTF-8"?>
<coverage generated="1764776545012" clover="3.2.0">
  <project timestamp="1764776545012" name="All files">
    <metrics statements="163" coveredstatements="105" conditionals="60" coveredconditionals="30" methods="76" coveredmethods="44" elements="299" coveredelements="179" complexity="0" loc="163" ncloc="163" packages="3" files="20" classes="20"/>
    <package name="enes-holistic-coaching-v2">
      <metrics statements="33" coveredstatements="20" conditionals="17" coveredconditionals="8" methods="13" coveredmethods="6"/>
      <file name="App.tsx" path="C:\Users\asphl\Desktop\NoviZaLiz\enes-holistic-coaching-v2\App.tsx">
        <metrics statements="33" coveredstatements="20" conditionals="17" coveredconditionals="8" methods="13" coveredmethods="6"/>
        <line num="18" count="3" type="cond" truecount="1" falsecount="1"/>
        <line num="20" count="1" type="stmt"/>
        <line num="21" count="3" type="cond" truecount="1" falsecount="1"/>
        <line num="22" count="3" type="stmt"/>
        <line num="23" count="3" type="cond" truecount="1" falsecount="1"/>
        <line num="24" count="0" type="stmt"/>
        <line num="26" count="3" type="cond" truecount="1" falsecount="1"/>
        <line num="27" count="3" type="stmt"/>
        <line num="29" count="0" type="stmt"/>
        <line num="33" count="3" type="stmt"/>
        <line num="34" count="3" type="stmt"/>
        <line num="35" count="3" type="stmt"/>
        <line num="36" count="3" type="stmt"/>
        <line num="38" count="3" type="stmt"/>
        <line num="39" count="3" type="stmt"/>
        <line num="40" count="3" type="stmt"/>
        <line num="41" count="3" type="stmt"/>
        <line num="44" count="3" type="stmt"/>
        <line num="45" count="0" type="cond" truecount="0" falsecount="2"/>
        <line num="46" count="0" type="cond" truecount="0" falsecount="2"/>
        <line num="47" count="0" type="stmt"/>
        <line num="48" count="0" type="stmt"/>
        <line num="49" count="0" type="stmt"/>
        <line num="53" count="3" type="stmt"/>
        <line num="54" count="0" type="stmt"/>
        <line num="58" count="3" type="cond" truecount="3" falsecount="0"/>
        <line num="62" count="3" type="cond" truecount="1" falsecount="1"/>
        <line num="63" count="0" type="stmt"/>
        <line num="65" count="0" type="stmt"/>
        <line num="66" count="0" type="stmt"/>
        <line num="71" count="3" type="stmt"/>
        <line num="76" count="0" type="stmt"/>
        <line num="77" count="0" type="stmt"/>
      </file>
    </package>
    <package name="enes-holistic-coaching-v2.components">
      <metrics statements="130" coveredstatements="85" conditionals="43" coveredconditionals="22" methods="63" coveredmethods="38"/>
      <file name="Button.tsx" path="C:\Users\asphl\Desktop\NoviZaLiz\enes-holistic-coaching-v2\components\Button.tsx">
        <metrics statements="4" coveredstatements="4" conditionals="2" coveredconditionals="2" methods="1" coveredmethods="1"/>
        <line num="8" count="3" type="cond" truecount="2" falsecount="0"/>
        <line num="9" count="13" type="stmt"/>
        <line num="11" count="13" type="stmt"/>
        <line num="17" count="13" type="stmt"/>
      </file>
      <file name="ClientLoginPage.tsx" path="C:\Users\asphl\Desktop\NoviZaLiz\enes-holistic-coaching-v2\components\ClientLoginPage.tsx">
        <metrics statements="23" coveredstatements="13" conditionals="2" coveredconditionals="0" methods="14" coveredmethods="7"/>
        <line num="10" count="2" type="stmt"/>
        <line num="19" count="2" type="stmt"/>
        <line num="20" count="1" type="stmt"/>
        <line num="21" count="0" type="stmt"/>
        <line num="24" count="1" type="stmt"/>
        <line num="26" count="1" type="stmt"/>
        <line num="27" count="0" type="stmt"/>
        <line num="28" count="0" type="cond" truecount="0" falsecount="2"/>
        <line num="29" count="0" type="stmt"/>
        <line num="33" count="1" type="stmt"/>
        <line num="34" count="0" type="stmt"/>
        <line num="35" count="0" type="stmt"/>
        <line num="38" count="1" type="stmt"/>
        <line num="67" count="3" type="stmt"/>
        <line num="110" count="6" type="stmt"/>
        <line num="113" count="0" type="stmt"/>
        <line num="160" count="0" type="stmt"/>
        <line num="195" count="0" type="stmt"/>
        <line num="222" count="0" type="stmt"/>
        <line num="281" count="3" type="stmt"/>
        <line num="285" count="12" type="stmt"/>
        <line num="307" count="3" type="stmt"/>
        <line num="447" count="4" type="stmt"/>
      </file>
      <file name="Contact.tsx" path="C:\Users\asphl\Desktop\NoviZaLiz\enes-holistic-coaching-v2\components\Contact.tsx">
        <metrics statements="25" coveredstatements="7" conditionals="8" coveredconditionals="3" methods="7" coveredmethods="1"/>
        <line num="4" count="1" type="stmt"/>
        <line num="5" count="3" type="stmt"/>
        <line num="11" count="3" type="stmt"/>
        <line num="12" count="3" type="stmt"/>
        <line num="13" count="3" type="stmt"/>
        <line num="15" count="3" type="stmt"/>
        <line num="16" count="0" type="stmt"/>
        <line num="17" count="0" type="stmt"/>
        <line num="18" count="0" type="stmt"/>
        <line num="20" count="0" type="stmt"/>
        <line num="21" count="0" type="stmt"/>
        <line num="22" count="0" type="stmt"/>
        <line num="28" count="0" type="cond" truecount="0" falsecount="2"/>
        <line num="29" count="0" type="stmt"/>
        <line num="30" count="0" type="stmt"/>
        <line num="32" count="0" type="stmt"/>
        <line num="35" count="0" type="stmt"/>
        <line num="36" count="0" type="stmt"/>
        <line num="38" count="0" type="stmt"/>
        <line num="42" count="3" type="stmt"/>
        <line num="62" count="0" type="stmt"/>
        <line num="81" count="0" type="stmt"/>
        <line num="95" count="0" type="stmt"/>
        <line num="107" count="0" type="stmt"/>
        <line num="127" count="0" type="stmt"/>
      </file>
      <file name="FAQ.tsx" path="C:\Users\asphl\Desktop\NoviZaLiz\enes-holistic-coaching-v2\components\FAQ.tsx">
        <metrics statements="6" coveredstatements="5" conditionals="6" coveredconditionals="2" methods="3" coveredmethods="2"/>
        <line num="3" count="1" type="stmt"/>
        <line num="4" count="3" type="stmt"/>
        <line num="6" count="3" type="stmt"/>
        <line num="33" count="3" type="stmt"/>
        <line num="42" count="18" type="stmt"/>
        <line num="44" count="0" type="cond" truecount="0" falsecount="2"/>
      </file>
      <file name="Footer.tsx" path="C:\Users\asphl\Desktop\NoviZaLiz\enes-holistic-coaching-v2\components\Footer.tsx">
        <metrics statements="2" coveredstatements="2" conditionals="0" coveredconditionals="0" methods="1" coveredmethods="1"/>
        <line num="3" count="2" type="stmt"/>
        <line num="4" count="4" type="stmt"/>
      </file>
      <file name="Hero.tsx" path="C:\Users\asphl\Desktop\NoviZaLiz\enes-holistic-coaching-v2\components\Hero.tsx">
        <metrics statements="4" coveredstatements="3" conditionals="0" coveredconditionals="0" methods="2" coveredmethods="1"/>
        <line num="9" count="1" type="stmt"/>
        <line num="10" count="3" type="stmt"/>
        <line num="11" count="0" type="stmt"/>
        <line num="14" count="3" type="stmt"/>
      </file>
      <file name="HowItWorks.tsx" path="C:\Users\asphl\Desktop\NoviZaLiz\enes-holistic-coaching-v2\components\HowItWorks.tsx">
        <metrics statements="4" coveredstatements="4" conditionals="2" coveredconditionals="2" methods="2" coveredmethods="2"/>
        <line num="3" count="1" type="stmt"/>
        <line num="4" count="3" type="stmt"/>
        <line num="22" count="3" type="stmt"/>
        <line num="38" count="9" type="stmt"/>
      </file>
      <file name="IsThisForMe.tsx" path="C:\Users\asphl\Desktop\NoviZaLiz\enes-holistic-coaching-v2\components\IsThisForMe.tsx">
        <metrics statements="5" coveredstatements="5" conditionals="0" coveredconditionals="0" methods="3" coveredmethods="3"/>
        <line num="3" count="1" type="stmt"/>
        <line num="4" count="3" type="stmt"/>
        <line num="63" count="3" type="stmt"/>
        <line num="79" count="12" type="stmt"/>
        <line num="101" count="36" type="stmt"/>
      </file>
      <file name="MeetEnes.tsx" path="C:\Users\asphl\Desktop\NoviZaLiz\enes-holistic-coaching-v2\components\MeetEnes.tsx">
        <metrics statements="2" coveredstatements="2" conditionals="0" coveredconditionals="0" methods="1" coveredmethods="1"/>
        <line num="4" count="1" type="stmt"/>
        <line num="5" count="3" type="stmt"/>
      </file>
      <file name="Navbar.tsx" path="C:\Users\asphl\Desktop\NoviZaLiz\enes-holistic-coaching-v2\components\Navbar.tsx">
        <metrics statements="23" coveredstatements="8" conditionals="13" coveredconditionals="5" methods="13" coveredmethods="3"/>
        <line num="12" count="3" type="cond" truecount="1" falsecount="0"/>
        <line num="13" count="7" type="stmt"/>
        <line num="14" count="7" type="stmt"/>
        <line num="16" count="7" type="stmt"/>
        <line num="17" count="7" type="stmt"/>
        <line num="18" count="0" type="stmt"/>
        <line num="20" count="7" type="stmt"/>
        <line num="21" count="7" type="stmt"/>
        <line num="24" count="7" type="stmt"/>
        <line num="30" count="0" type="stmt"/>
        <line num="47" count="0" type="cond" truecount="0" falsecount="2"/>
        <line num="48" count="0" type="stmt"/>
        <line num="49" count="0" type="stmt"/>
        <line num="62" count="0" type="stmt"/>
        <line num="79" count="0" type="stmt"/>
        <line num="80" count="0" type="stmt"/>
        <line num="81" count="0" type="stmt"/>
        <line num="82" count="0" type="stmt"/>
        <line num="87" count="0" type="cond" truecount="0" falsecount="2"/>
        <line num="88" count="0" type="stmt"/>
        <line num="89" count="0" type="stmt"/>
        <line num="91" count="0" type="stmt"/>
        <line num="97" count="0" type="stmt"/>
      </file>
      <file name="PlansAndPricing.tsx" path="C:\Users\asphl\Desktop\NoviZaLiz\enes-holistic-coaching-v2\components\PlansAndPricing.tsx">
        <metrics statements="5" coveredstatements="5" conditionals="4" coveredconditionals="4" methods="3" coveredmethods="3"/>
        <line num="3" count="1" type="stmt"/>
        <line num="4" count="3" type="stmt"/>
        <line num="45" count="3" type="stmt"/>
        <line num="64" count="9" type="stmt"/>
        <line num="96" count="42" type="stmt"/>
      </file>
      <file name="Testimonials.tsx" path="C:\Users\asphl\Desktop\NoviZaLiz\enes-holistic-coaching-v2\components\Testimonials.tsx">
        <metrics statements="10" coveredstatements="10" conditionals="6" coveredconditionals="4" methods="4" coveredmethods="4"/>
        <line num="4" count="1" type="stmt"/>
        <line num="6" count="9" type="stmt"/>
        <line num="7" count="9" type="cond" truecount="1" falsecount="1"/>
        <line num="8" count="9" type="cond" truecount="1" falsecount="1"/>
        <line num="10" count="9" type="stmt"/>
        <line num="18" count="45" type="stmt"/>
        <line num="41" count="1" type="stmt"/>
        <line num="42" count="3" type="stmt"/>
        <line num="63" count="3" type="stmt"/>
        <line num="76" count="9" type="stmt"/>
      </file>
      <file name="ThreePillars.tsx" path="C:\Users\asphl\Desktop\NoviZaLiz\enes-holistic-coaching-v2\components\ThreePillars.tsx">
        <metrics statements="5" coveredstatements="5" conditionals="0" coveredconditionals="0" methods="3" coveredmethods="3"/>
        <line num="3" count="1" type="stmt"/>
        <line num="4" count="3" type="stmt"/>
        <line num="37" count="3" type="stmt"/>
        <line num="53" count="9" type="stmt"/>
        <line num="70" count="27" type="stmt"/>
      </file>
      <file name="TrustBadges.tsx" path="C:\Users\asphl\Desktop\NoviZaLiz\enes-holistic-coaching-v2\components\TrustBadges.tsx">
        <metrics statements="4" coveredstatements="4" conditionals="0" coveredconditionals="0" methods="2" coveredmethods="2"/>
        <line num="3" count="1" type="stmt"/>
        <line num="4" count="3" type="stmt"/>
        <line num="40" count="3" type="stmt"/>
        <line num="45" count="12" type="stmt"/>
      </file>
      <file name="WhatMakesDifferent.tsx" path="C:\Users\asphl\Desktop\NoviZaLiz\enes-holistic-coaching-v2\components\WhatMakesDifferent.tsx">
        <metrics statements="4" coveredstatements="4" conditionals="0" coveredconditionals="0" methods="2" coveredmethods="2"/>
        <line num="3" count="1" type="stmt"/>
        <line num="4" count="3" type="stmt"/>
        <line num="23" count="3" type="stmt"/>
        <line num="39" count="12" type="stmt"/>
      </file>
      <file name="WhyDifferent.tsx" path="C:\Users\asphl\Desktop\NoviZaLiz\enes-holistic-coaching-v2\components\WhyDifferent.tsx">
        <metrics statements="4" coveredstatements="4" conditionals="0" coveredconditionals="0" methods="2" coveredmethods="2"/>
        <line num="3" count="1" type="stmt"/>
        <line num="4" count="3" type="stmt"/>
        <line num="19" count="3" type="stmt"/>
        <line num="35" count="9" type="stmt"/>
      </file>
    </package>
    <package name="enes-holistic-coaching-v2.src.assets">
      <metrics statements="0" coveredstatements="0" conditionals="0" coveredconditionals="0" methods="0" coveredmethods="0"/>
      <file name="founder-portrait.jpg" path="C:\Users\asphl\Desktop\NoviZaLiz\enes-holistic-coaching-v2\src\assets\founder-portrait.jpg">
        <metrics statements="0" coveredstatements="0" conditionals="0" coveredconditionals="0" methods="0" coveredmethods="0"/>
      </file>
      <file name="hero-coaching.jpg" path="C:\Users\asphl\Desktop\NoviZaLiz\enes-holistic-coaching-v2\src\assets\hero-coaching.jpg">
        <metrics statements="0" coveredstatements="0" conditionals="0" coveredconditionals="0" methods="0" coveredmethods="0"/>
      </file>
      <file name="lm-logo.png" path="C:\Users\asphl\Desktop\NoviZaLiz\enes-holistic-coaching-v2\src\assets\lm-logo.png">
        <metrics statements="0" coveredstatements="0" conditionals="0" coveredconditionals="0" methods="0" coveredmethods="0"/>
      </file>
    </package>
  </project>
</coverage>
