{"C:\\Users\\asphl\\Desktop\\NoviZaLiz\\enes-holistic-coaching-v2\\App.tsx": {"path":"C:\\Users\\asphl\\Desktop\\NoviZaLiz\\enes-holistic-coaching-v2\\App.tsx","statementMap":{"0":{"start":{"line":18,"column":20},"end":{"line":18,"column":null}},"1":{"start":{"line":18,"column":27},"end":{"line":18,"column":null}},"2":{"start":{"line":20,"column":20},"end":{"line":30,"column":null}},"3":{"start":{"line":21,"column":2},"end":{"line":21,"column":null}},"4":{"start":{"line":21,"column":37},"end":{"line":21,"column":null}},"5":{"start":{"line":22,"column":19},"end":{"line":22,"column":null}},"6":{"start":{"line":23,"column":2},"end":{"line":25,"column":null}},"7":{"start":{"line":24,"column":4},"end":{"line":24,"column":null}},"8":{"start":{"line":26,"column":2},"end":{"line":28,"column":null}},"9":{"start":{"line":27,"column":4},"end":{"line":27,"column":null}},"10":{"start":{"line":29,"column":2},"end":{"line":29,"column":null}},"11":{"start":{"line":33,"column":30},"end":{"line":33,"column":null}},"12":{"start":{"line":34,"column":8},"end":{"line":34,"column":null}},"13":{"start":{"line":34,"column":33},"end":{"line":34,"column":48}},"14":{"start":{"line":35,"column":26},"end":{"line":35,"column":null}},"15":{"start":{"line":36,"column":19},"end":{"line":36,"column":null}},"16":{"start":{"line":38,"column":2},"end":{"line":42,"column":null}},"17":{"start":{"line":39,"column":27},"end":{"line":39,"column":null}},"18":{"start":{"line":39,"column":33},"end":{"line":39,"column":null}},"19":{"start":{"line":40,"column":4},"end":{"line":40,"column":null}},"20":{"start":{"line":41,"column":4},"end":{"line":41,"column":null}},"21":{"start":{"line":41,"column":17},"end":{"line":41,"column":null}},"22":{"start":{"line":44,"column":8},"end":{"line":51,"column":null}},"23":{"start":{"line":45,"column":4},"end":{"line":45,"column":null}},"24":{"start":{"line":45,"column":39},"end":{"line":45,"column":null}},"25":{"start":{"line":46,"column":4},"end":{"line":50,"column":null}},"26":{"start":{"line":47,"column":6},"end":{"line":47,"column":null}},"27":{"start":{"line":48,"column":6},"end":{"line":48,"column":null}},"28":{"start":{"line":49,"column":6},"end":{"line":49,"column":null}},"29":{"start":{"line":53,"column":8},"end":{"line":55,"column":null}},"30":{"start":{"line":54,"column":4},"end":{"line":54,"column":null}},"31":{"start":{"line":58,"column":4},"end":{"line":60,"column":null}},"32":{"start":{"line":62,"column":2},"end":{"line":69,"column":null}},"33":{"start":{"line":63,"column":4},"end":{"line":67,"column":null}},"34":{"start":{"line":65,"column":30},"end":{"line":65,"column":null}},"35":{"start":{"line":66,"column":37},"end":{"line":66,"column":null}},"36":{"start":{"line":71,"column":2},"end":{"line":92,"column":null}},"37":{"start":{"line":76,"column":37},"end":{"line":76,"column":null}},"38":{"start":{"line":77,"column":27},"end":{"line":77,"column":null}}},"fnMap":{"0":{"name":"(anonymous_0)","decl":{"start":{"line":18,"column":20},"end":{"line":18,"column":27}},"loc":{"start":{"line":18,"column":27},"end":{"line":18,"column":null}},"line":18},"1":{"name":"(anonymous_1)","decl":{"start":{"line":20,"column":20},"end":{"line":20,"column":26}},"loc":{"start":{"line":20,"column":26},"end":{"line":30,"column":null}},"line":20},"2":{"name":"App","decl":{"start":{"line":32,"column":9},"end":{"line":32,"column":15}},"loc":{"start":{"line":32,"column":15},"end":{"line":94,"column":null}},"line":32},"3":{"name":"(anonymous_3)","decl":{"start":{"line":34,"column":27},"end":{"line":34,"column":33}},"loc":{"start":{"line":34,"column":33},"end":{"line":34,"column":48}},"line":34},"4":{"name":"(anonymous_4)","decl":{"start":{"line":38,"column":12},"end":{"line":38,"column":18}},"loc":{"start":{"line":38,"column":18},"end":{"line":42,"column":5}},"line":38},"5":{"name":"(anonymous_5)","decl":{"start":{"line":39,"column":27},"end":{"line":39,"column":33}},"loc":{"start":{"line":39,"column":33},"end":{"line":39,"column":null}},"line":39},"6":{"name":"(anonymous_6)","decl":{"start":{"line":41,"column":11},"end":{"line":41,"column":17}},"loc":{"start":{"line":41,"column":17},"end":{"line":41,"column":null}},"line":41},"7":{"name":"(anonymous_7)","decl":{"start":{"line":44,"column":33},"end":{"line":44,"column":34}},"loc":{"start":{"line":44,"column":51},"end":{"line":51,"column":5}},"line":44},"8":{"name":"(anonymous_8)","decl":{"start":{"line":53,"column":38},"end":{"line":53,"column":44}},"loc":{"start":{"line":53,"column":44},"end":{"line":55,"column":5}},"line":53},"9":{"name":"(anonymous_9)","decl":{"start":{"line":65,"column":24},"end":{"line":65,"column":30}},"loc":{"start":{"line":65,"column":30},"end":{"line":65,"column":null}},"line":65},"10":{"name":"(anonymous_10)","decl":{"start":{"line":66,"column":31},"end":{"line":66,"column":37}},"loc":{"start":{"line":66,"column":37},"end":{"line":66,"column":null}},"line":66},"11":{"name":"(anonymous_11)","decl":{"start":{"line":76,"column":31},"end":{"line":76,"column":37}},"loc":{"start":{"line":76,"column":37},"end":{"line":76,"column":null}},"line":76},"12":{"name":"(anonymous_12)","decl":{"start":{"line":77,"column":21},"end":{"line":77,"column":27}},"loc":{"start":{"line":77,"column":27},"end":{"line":77,"column":null}},"line":77}},"branchMap":{"0":{"loc":{"start":{"line":18,"column":27},"end":{"line":18,"column":null}},"type":"cond-expr","locations":[{"start":{"line":18,"column":59},"end":{"line":18,"column":86}},{"start":{"line":18,"column":86},"end":{"line":18,"column":null}}],"line":18},"1":{"loc":{"start":{"line":21,"column":2},"end":{"line":21,"column":null}},"type":"if","locations":[{"start":{"line":21,"column":2},"end":{"line":21,"column":null}},{"start":{},"end":{}}],"line":21},"2":{"loc":{"start":{"line":23,"column":2},"end":{"line":25,"column":null}},"type":"if","locations":[{"start":{"line":23,"column":2},"end":{"line":25,"column":null}},{"start":{},"end":{}}],"line":23},"3":{"loc":{"start":{"line":26,"column":2},"end":{"line":28,"column":null}},"type":"if","locations":[{"start":{"line":26,"column":2},"end":{"line":28,"column":null}},{"start":{},"end":{}}],"line":26},"4":{"loc":{"start":{"line":45,"column":4},"end":{"line":45,"column":null}},"type":"if","locations":[{"start":{"line":45,"column":4},"end":{"line":45,"column":null}},{"start":{},"end":{}}],"line":45},"5":{"loc":{"start":{"line":46,"column":4},"end":{"line":50,"column":null}},"type":"if","locations":[{"start":{"line":46,"column":4},"end":{"line":50,"column":null}},{"start":{},"end":{}}],"line":46},"6":{"loc":{"start":{"line":58,"column":4},"end":{"line":60,"column":null}},"type":"binary-expr","locations":[{"start":{"line":58,"column":4},"end":{"line":58,"column":null}},{"start":{"line":59,"column":4},"end":{"line":59,"column":null}},{"start":{"line":60,"column":4},"end":{"line":60,"column":null}}],"line":58},"7":{"loc":{"start":{"line":62,"column":2},"end":{"line":69,"column":null}},"type":"if","locations":[{"start":{"line":62,"column":2},"end":{"line":69,"column":null}},{"start":{},"end":{}}],"line":62}},"s":{"0":1,"1":3,"2":1,"3":3,"4":0,"5":3,"6":3,"7":0,"8":3,"9":3,"10":0,"11":3,"12":3,"13":3,"14":3,"15":3,"16":3,"17":3,"18":0,"19":3,"20":3,"21":3,"22":3,"23":0,"24":0,"25":0,"26":0,"27":0,"28":0,"29":3,"30":0,"31":3,"32":3,"33":0,"34":0,"35":0,"36":3,"37":0,"38":0},"f":{"0":3,"1":3,"2":3,"3":3,"4":3,"5":0,"6":3,"7":0,"8":0,"9":0,"10":0,"11":0,"12":0},"b":{"0":[3,0],"1":[0,3],"2":[0,3],"3":[3,0],"4":[0,0],"5":[0,0],"6":[3,3,3],"7":[0,3]},"meta":{"lastBranch":8,"lastFunction":13,"lastStatement":39,"seen":{"s:18:20:18:Infinity":0,"f:18:20:18:27":0,"s:18:27:18:Infinity":1,"b:18:59:18:86:18:86:18:Infinity":0,"s:20:20:30:Infinity":2,"f:20:20:20:26":1,"b:21:2:21:Infinity:undefined:undefined:undefined:undefined":1,"s:21:2:21:Infinity":3,"s:21:37:21:Infinity":4,"s:22:19:22:Infinity":5,"b:23:2:25:Infinity:undefined:undefined:undefined:undefined":2,"s:23:2:25:Infinity":6,"s:24:4:24:Infinity":7,"b:26:2:28:Infinity:undefined:undefined:undefined:undefined":3,"s:26:2:28:Infinity":8,"s:27:4:27:Infinity":9,"s:29:2:29:Infinity":10,"f:32:9:32:15":2,"s:33:30:33:Infinity":11,"s:34:8:34:Infinity":12,"f:34:27:34:33":3,"s:34:33:34:48":13,"s:35:26:35:Infinity":14,"s:36:19:36:Infinity":15,"s:38:2:42:Infinity":16,"f:38:12:38:18":4,"s:39:27:39:Infinity":17,"f:39:27:39:33":5,"s:39:33:39:Infinity":18,"s:40:4:40:Infinity":19,"s:41:4:41:Infinity":20,"f:41:11:41:17":6,"s:41:17:41:Infinity":21,"s:44:8:51:Infinity":22,"f:44:33:44:34":7,"b:45:4:45:Infinity:undefined:undefined:undefined:undefined":4,"s:45:4:45:Infinity":23,"s:45:39:45:Infinity":24,"b:46:4:50:Infinity:undefined:undefined:undefined:undefined":5,"s:46:4:50:Infinity":25,"s:47:6:47:Infinity":26,"s:48:6:48:Infinity":27,"s:49:6:49:Infinity":28,"s:53:8:55:Infinity":29,"f:53:38:53:44":8,"s:54:4:54:Infinity":30,"s:58:4:60:Infinity":31,"b:58:4:58:Infinity:59:4:59:Infinity:60:4:60:Infinity":6,"b:62:2:69:Infinity:undefined:undefined:undefined:undefined":7,"s:62:2:69:Infinity":32,"s:63:4:67:Infinity":33,"f:65:24:65:30":9,"s:65:30:65:Infinity":34,"f:66:31:66:37":10,"s:66:37:66:Infinity":35,"s:71:2:92:Infinity":36,"f:76:31:76:37":11,"s:76:37:76:Infinity":37,"f:77:21:77:27":12,"s:77:27:77:Infinity":38}}}
,"C:\\Users\\asphl\\Desktop\\NoviZaLiz\\enes-holistic-coaching-v2\\components\\Button.tsx": {"path":"C:\\Users\\asphl\\Desktop\\NoviZaLiz\\enes-holistic-coaching-v2\\components\\Button.tsx","statementMap":{"0":{"start":{"line":8,"column":45},"end":{"line":25,"column":null}},"1":{"start":{"line":9,"column":21},"end":{"line":9,"column":null}},"2":{"start":{"line":11,"column":19},"end":{"line":15,"column":null}},"3":{"start":{"line":17,"column":2},"end":{"line":23,"column":null}}},"fnMap":{"0":{"name":"(anonymous_0)","decl":{"start":{"line":8,"column":45},"end":{"line":8,"column":46}},"loc":{"start":{"line":8,"column":110},"end":{"line":25,"column":null}},"line":8}},"branchMap":{"0":{"loc":{"start":{"line":8,"column":48},"end":{"line":8,"column":69}},"type":"default-arg","locations":[{"start":{"line":8,"column":58},"end":{"line":8,"column":69}}],"line":8},"1":{"loc":{"start":{"line":8,"column":79},"end":{"line":8,"column":95}},"type":"default-arg","locations":[{"start":{"line":8,"column":91},"end":{"line":8,"column":95}}],"line":8}},"s":{"0":3,"1":13,"2":13,"3":13},"f":{"0":13},"b":{"0":[13],"1":[13]},"meta":{"lastBranch":2,"lastFunction":1,"lastStatement":4,"seen":{"s:8:45:25:Infinity":0,"f:8:45:8:46":0,"b:8:58:8:69":0,"b:8:91:8:95":1,"s:9:21:9:Infinity":1,"s:11:19:15:Infinity":2,"s:17:2:23:Infinity":3}}}
,"C:\\Users\\asphl\\Desktop\\NoviZaLiz\\enes-holistic-coaching-v2\\components\\ClientLoginPage.tsx": {"path":"C:\\Users\\asphl\\Desktop\\NoviZaLiz\\enes-holistic-coaching-v2\\components\\ClientLoginPage.tsx","statementMap":{"0":{"start":{"line":10,"column":17},"end":{"line":17,"column":null}},"1":{"start":{"line":19,"column":63},"end":{"line":480,"column":null}},"2":{"start":{"line":20,"column":29},"end":{"line":22,"column":null}},"3":{"start":{"line":21,"column":4},"end":{"line":21,"column":null}},"4":{"start":{"line":24,"column":16},"end":{"line":24,"column":null}},"5":{"start":{"line":26,"column":26},"end":{"line":31,"column":null}},"6":{"start":{"line":27,"column":19},"end":{"line":27,"column":null}},"7":{"start":{"line":28,"column":4},"end":{"line":30,"column":null}},"8":{"start":{"line":29,"column":6},"end":{"line":29,"column":null}},"9":{"start":{"line":33,"column":28},"end":{"line":36,"column":null}},"10":{"start":{"line":34,"column":4},"end":{"line":34,"column":null}},"11":{"start":{"line":35,"column":4},"end":{"line":35,"column":null}},"12":{"start":{"line":38,"column":2},"end":{"line":478,"column":null}},"13":{"start":{"line":67,"column":20},"end":{"line":72,"column":null}},"14":{"start":{"line":110,"column":16},"end":{"line":117,"column":null}},"15":{"start":{"line":113,"column":38},"end":{"line":113,"column":null}},"16":{"start":{"line":160,"column":31},"end":{"line":160,"column":null}},"17":{"start":{"line":195,"column":31},"end":{"line":195,"column":null}},"18":{"start":{"line":222,"column":31},"end":{"line":222,"column":null}},"19":{"start":{"line":281,"column":16},"end":{"line":288,"column":null}},"20":{"start":{"line":285,"column":22},"end":{"line":285,"column":null}},"21":{"start":{"line":307,"column":18},"end":{"line":310,"column":null}},"22":{"start":{"line":447,"column":20},"end":{"line":451,"column":null}}},"fnMap":{"0":{"name":"(anonymous_0)","decl":{"start":{"line":19,"column":63},"end":{"line":19,"column":64}},"loc":{"start":{"line":19,"column":110},"end":{"line":480,"column":null}},"line":19},"1":{"name":"(anonymous_1)","decl":{"start":{"line":20,"column":29},"end":{"line":20,"column":35}},"loc":{"start":{"line":20,"column":35},"end":{"line":22,"column":null}},"line":20},"2":{"name":"(anonymous_2)","decl":{"start":{"line":26,"column":26},"end":{"line":26,"column":27}},"loc":{"start":{"line":26,"column":42},"end":{"line":31,"column":null}},"line":26},"3":{"name":"(anonymous_3)","decl":{"start":{"line":33,"column":28},"end":{"line":33,"column":29}},"loc":{"start":{"line":33,"column":88},"end":{"line":36,"column":null}},"line":33},"4":{"name":"(anonymous_4)","decl":{"start":{"line":66,"column":24},"end":{"line":66,"column":25}},"loc":{"start":{"line":67,"column":20},"end":{"line":72,"column":null}},"line":67},"5":{"name":"(anonymous_5)","decl":{"start":{"line":109,"column":28},"end":{"line":109,"column":29}},"loc":{"start":{"line":110,"column":16},"end":{"line":117,"column":null}},"line":110},"6":{"name":"(anonymous_6)","decl":{"start":{"line":113,"column":27},"end":{"line":113,"column":28}},"loc":{"start":{"line":113,"column":38},"end":{"line":113,"column":null}},"line":113},"7":{"name":"(anonymous_7)","decl":{"start":{"line":160,"column":25},"end":{"line":160,"column":31}},"loc":{"start":{"line":160,"column":31},"end":{"line":160,"column":null}},"line":160},"8":{"name":"(anonymous_8)","decl":{"start":{"line":195,"column":25},"end":{"line":195,"column":31}},"loc":{"start":{"line":195,"column":31},"end":{"line":195,"column":null}},"line":195},"9":{"name":"(anonymous_9)","decl":{"start":{"line":222,"column":25},"end":{"line":222,"column":31}},"loc":{"start":{"line":222,"column":31},"end":{"line":222,"column":null}},"line":222},"10":{"name":"(anonymous_10)","decl":{"start":{"line":280,"column":21},"end":{"line":280,"column":22}},"loc":{"start":{"line":281,"column":16},"end":{"line":288,"column":null}},"line":281},"11":{"name":"(anonymous_11)","decl":{"start":{"line":284,"column":39},"end":{"line":284,"column":40}},"loc":{"start":{"line":285,"column":22},"end":{"line":285,"column":null}},"line":285},"12":{"name":"(anonymous_12)","decl":{"start":{"line":306,"column":23},"end":{"line":306,"column":24}},"loc":{"start":{"line":307,"column":18},"end":{"line":310,"column":null}},"line":307},"13":{"name":"(anonymous_13)","decl":{"start":{"line":446,"column":24},"end":{"line":446,"column":25}},"loc":{"start":{"line":447,"column":20},"end":{"line":451,"column":null}},"line":447}},"branchMap":{"0":{"loc":{"start":{"line":28,"column":4},"end":{"line":30,"column":null}},"type":"if","locations":[{"start":{"line":28,"column":4},"end":{"line":30,"column":null}},{"start":{},"end":{}}],"line":28}},"s":{"0":2,"1":2,"2":1,"3":0,"4":1,"5":1,"6":0,"7":0,"8":0,"9":1,"10":0,"11":0,"12":1,"13":3,"14":6,"15":0,"16":0,"17":0,"18":0,"19":3,"20":12,"21":3,"22":4},"f":{"0":1,"1":0,"2":0,"3":0,"4":3,"5":6,"6":0,"7":0,"8":0,"9":0,"10":3,"11":12,"12":3,"13":4},"b":{"0":[0,0]},"meta":{"lastBranch":1,"lastFunction":14,"lastStatement":23,"seen":{"s:10:17:17:Infinity":0,"s:19:63:480:Infinity":1,"f:19:63:19:64":0,"s:20:29:22:Infinity":2,"f:20:29:20:35":1,"s:21:4:21:Infinity":3,"s:24:16:24:Infinity":4,"s:26:26:31:Infinity":5,"f:26:26:26:27":2,"s:27:19:27:Infinity":6,"b:28:4:30:Infinity:undefined:undefined:undefined:undefined":0,"s:28:4:30:Infinity":7,"s:29:6:29:Infinity":8,"s:33:28:36:Infinity":9,"f:33:28:33:29":3,"s:34:4:34:Infinity":10,"s:35:4:35:Infinity":11,"s:38:2:478:Infinity":12,"f:66:24:66:25":4,"s:67:20:72:Infinity":13,"f:109:28:109:29":5,"s:110:16:117:Infinity":14,"f:113:27:113:28":6,"s:113:38:113:Infinity":15,"f:160:25:160:31":7,"s:160:31:160:Infinity":16,"f:195:25:195:31":8,"s:195:31:195:Infinity":17,"f:222:25:222:31":9,"s:222:31:222:Infinity":18,"f:280:21:280:22":10,"s:281:16:288:Infinity":19,"f:284:39:284:40":11,"s:285:22:285:Infinity":20,"f:306:23:306:24":12,"s:307:18:310:Infinity":21,"f:446:24:446:25":13,"s:447:20:451:Infinity":22}}}
,"C:\\Users\\asphl\\Desktop\\NoviZaLiz\\enes-holistic-coaching-v2\\components\\Contact.tsx": {"path":"C:\\Users\\asphl\\Desktop\\NoviZaLiz\\enes-holistic-coaching-v2\\components\\Contact.tsx","statementMap":{"0":{"start":{"line":4,"column":33},"end":{"line":153,"column":null}},"1":{"start":{"line":5,"column":32},"end":{"line":10,"column":null}},"2":{"start":{"line":11,"column":36},"end":{"line":11,"column":null}},"3":{"start":{"line":12,"column":38},"end":{"line":12,"column":null}},"4":{"start":{"line":13,"column":36},"end":{"line":13,"column":null}},"5":{"start":{"line":15,"column":23},"end":{"line":40,"column":null}},"6":{"start":{"line":16,"column":4},"end":{"line":16,"column":null}},"7":{"start":{"line":17,"column":4},"end":{"line":17,"column":null}},"8":{"start":{"line":18,"column":4},"end":{"line":18,"column":null}},"9":{"start":{"line":20,"column":4},"end":{"line":39,"column":null}},"10":{"start":{"line":21,"column":23},"end":{"line":21,"column":null}},"11":{"start":{"line":22,"column":23},"end":{"line":26,"column":null}},"12":{"start":{"line":28,"column":6},"end":{"line":33,"column":null}},"13":{"start":{"line":29,"column":8},"end":{"line":29,"column":null}},"14":{"start":{"line":30,"column":8},"end":{"line":30,"column":null}},"15":{"start":{"line":32,"column":8},"end":{"line":32,"column":null}},"16":{"start":{"line":35,"column":6},"end":{"line":35,"column":null}},"17":{"start":{"line":36,"column":6},"end":{"line":36,"column":null}},"18":{"start":{"line":38,"column":6},"end":{"line":38,"column":null}},"19":{"start":{"line":42,"column":2},"end":{"line":151,"column":null}},"20":{"start":{"line":62,"column":35},"end":{"line":62,"column":58}},"21":{"start":{"line":81,"column":31},"end":{"line":81,"column":null}},"22":{"start":{"line":95,"column":31},"end":{"line":95,"column":null}},"23":{"start":{"line":107,"column":31},"end":{"line":107,"column":null}},"24":{"start":{"line":127,"column":31},"end":{"line":127,"column":null}}},"fnMap":{"0":{"name":"(anonymous_0)","decl":{"start":{"line":4,"column":33},"end":{"line":4,"column":39}},"loc":{"start":{"line":4,"column":39},"end":{"line":153,"column":null}},"line":4},"1":{"name":"(anonymous_1)","decl":{"start":{"line":15,"column":23},"end":{"line":15,"column":30}},"loc":{"start":{"line":15,"column":74},"end":{"line":40,"column":null}},"line":15},"2":{"name":"(anonymous_2)","decl":{"start":{"line":62,"column":29},"end":{"line":62,"column":35}},"loc":{"start":{"line":62,"column":35},"end":{"line":62,"column":58}},"line":62},"3":{"name":"(anonymous_3)","decl":{"start":{"line":81,"column":26},"end":{"line":81,"column":31}},"loc":{"start":{"line":81,"column":31},"end":{"line":81,"column":null}},"line":81},"4":{"name":"(anonymous_4)","decl":{"start":{"line":95,"column":26},"end":{"line":95,"column":31}},"loc":{"start":{"line":95,"column":31},"end":{"line":95,"column":null}},"line":95},"5":{"name":"(anonymous_5)","decl":{"start":{"line":107,"column":26},"end":{"line":107,"column":31}},"loc":{"start":{"line":107,"column":31},"end":{"line":107,"column":null}},"line":107},"6":{"name":"(anonymous_6)","decl":{"start":{"line":127,"column":26},"end":{"line":127,"column":31}},"loc":{"start":{"line":127,"column":31},"end":{"line":127,"column":null}},"line":127}},"branchMap":{"0":{"loc":{"start":{"line":28,"column":6},"end":{"line":33,"column":null}},"type":"if","locations":[{"start":{"line":28,"column":6},"end":{"line":33,"column":null}},{"start":{"line":31,"column":13},"end":{"line":33,"column":null}}],"line":28},"1":{"loc":{"start":{"line":55,"column":9},"end":{"line":148,"column":null}},"type":"cond-expr","locations":[{"start":{"line":56,"column":10},"end":{"line":63,"column":null}},{"start":{"line":65,"column":10},"end":{"line":148,"column":null}}],"line":55},"2":{"loc":{"start":{"line":139,"column":15},"end":{"line":139,"column":null}},"type":"cond-expr","locations":[{"start":{"line":139,"column":30},"end":{"line":139,"column":45}},{"start":{"line":139,"column":45},"end":{"line":139,"column":null}}],"line":139},"3":{"loc":{"start":{"line":147,"column":13},"end":{"line":147,"column":null}},"type":"binary-expr","locations":[{"start":{"line":147,"column":13},"end":{"line":147,"column":28}},{"start":{"line":147,"column":28},"end":{"line":147,"column":null}}],"line":147}},"s":{"0":1,"1":3,"2":3,"3":3,"4":3,"5":3,"6":0,"7":0,"8":0,"9":0,"10":0,"11":0,"12":0,"13":0,"14":0,"15":0,"16":0,"17":0,"18":0,"19":3,"20":0,"21":0,"22":0,"23":0,"24":0},"f":{"0":3,"1":0,"2":0,"3":0,"4":0,"5":0,"6":0},"b":{"0":[0,0],"1":[0,3],"2":[0,3],"3":[3,0]},"meta":{"lastBranch":4,"lastFunction":7,"lastStatement":25,"seen":{"s:4:33:153:Infinity":0,"f:4:33:4:39":0,"s:5:32:10:Infinity":1,"s:11:36:11:Infinity":2,"s:12:38:12:Infinity":3,"s:13:36:13:Infinity":4,"s:15:23:40:Infinity":5,"f:15:23:15:30":1,"s:16:4:16:Infinity":6,"s:17:4:17:Infinity":7,"s:18:4:18:Infinity":8,"s:20:4:39:Infinity":9,"s:21:23:21:Infinity":10,"s:22:23:26:Infinity":11,"b:28:6:33:Infinity:31:13:33:Infinity":0,"s:28:6:33:Infinity":12,"s:29:8:29:Infinity":13,"s:30:8:30:Infinity":14,"s:32:8:32:Infinity":15,"s:35:6:35:Infinity":16,"s:36:6:36:Infinity":17,"s:38:6:38:Infinity":18,"s:42:2:151:Infinity":19,"b:56:10:63:Infinity:65:10:148:Infinity":1,"f:62:29:62:35":2,"s:62:35:62:58":20,"f:81:26:81:31":3,"s:81:31:81:Infinity":21,"f:95:26:95:31":4,"s:95:31:95:Infinity":22,"f:107:26:107:31":5,"s:107:31:107:Infinity":23,"f:127:26:127:31":6,"s:127:31:127:Infinity":24,"b:139:30:139:45:139:45:139:Infinity":2,"b:147:13:147:28:147:28:147:Infinity":3}}}
,"C:\\Users\\asphl\\Desktop\\NoviZaLiz\\enes-holistic-coaching-v2\\components\\FAQ.tsx": {"path":"C:\\Users\\asphl\\Desktop\\NoviZaLiz\\enes-holistic-coaching-v2\\components\\FAQ.tsx","statementMap":{"0":{"start":{"line":3,"column":29},"end":{"line":68,"column":null}},"1":{"start":{"line":4,"column":34},"end":{"line":4,"column":null}},"2":{"start":{"line":6,"column":17},"end":{"line":31,"column":null}},"3":{"start":{"line":33,"column":4},"end":{"line":66,"column":null}},"4":{"start":{"line":42,"column":24},"end":{"line":62,"column":null}},"5":{"start":{"line":44,"column":47},"end":{"line":44,"column":null}}},"fnMap":{"0":{"name":"(anonymous_0)","decl":{"start":{"line":3,"column":29},"end":{"line":3,"column":35}},"loc":{"start":{"line":3,"column":35},"end":{"line":68,"column":null}},"line":3},"1":{"name":"(anonymous_1)","decl":{"start":{"line":41,"column":30},"end":{"line":41,"column":31}},"loc":{"start":{"line":42,"column":24},"end":{"line":62,"column":null}},"line":42},"2":{"name":"(anonymous_2)","decl":{"start":{"line":44,"column":41},"end":{"line":44,"column":47}},"loc":{"start":{"line":44,"column":47},"end":{"line":44,"column":null}},"line":44}},"branchMap":{"0":{"loc":{"start":{"line":44,"column":60},"end":{"line":44,"column":94}},"type":"cond-expr","locations":[{"start":{"line":44,"column":82},"end":{"line":44,"column":89}},{"start":{"line":44,"column":89},"end":{"line":44,"column":94}}],"line":44},"1":{"loc":{"start":{"line":49,"column":94},"end":{"line":49,"column":143}},"type":"cond-expr","locations":[{"start":{"line":49,"column":116},"end":{"line":49,"column":141}},{"start":{"line":49,"column":141},"end":{"line":49,"column":143}}],"line":49},"2":{"loc":{"start":{"line":57,"column":29},"end":{"line":60,"column":null}},"type":"binary-expr","locations":[{"start":{"line":57,"column":29},"end":{"line":57,"column":null}},{"start":{"line":58,"column":32},"end":{"line":60,"column":null}}],"line":57}},"s":{"0":1,"1":3,"2":3,"3":3,"4":18,"5":0},"f":{"0":3,"1":18,"2":0},"b":{"0":[0,0],"1":[0,18],"2":[18,0]},"meta":{"lastBranch":3,"lastFunction":3,"lastStatement":6,"seen":{"s:3:29:68:Infinity":0,"f:3:29:3:35":0,"s:4:34:4:Infinity":1,"s:6:17:31:Infinity":2,"s:33:4:66:Infinity":3,"f:41:30:41:31":1,"s:42:24:62:Infinity":4,"f:44:41:44:47":2,"s:44:47:44:Infinity":5,"b:44:82:44:89:44:89:44:94":0,"b:49:116:49:141:49:141:49:143":1,"b:57:29:57:Infinity:58:32:60:Infinity":2}}}
,"C:\\Users\\asphl\\Desktop\\NoviZaLiz\\enes-holistic-coaching-v2\\components\\Footer.tsx": {"path":"C:\\Users\\asphl\\Desktop\\NoviZaLiz\\enes-holistic-coaching-v2\\components\\Footer.tsx","statementMap":{"0":{"start":{"line":3,"column":32},"end":{"line":59,"column":null}},"1":{"start":{"line":4,"column":2},"end":{"line":57,"column":null}}},"fnMap":{"0":{"name":"(anonymous_0)","decl":{"start":{"line":3,"column":32},"end":{"line":3,"column":38}},"loc":{"start":{"line":3,"column":38},"end":{"line":59,"column":null}},"line":3}},"branchMap":{},"s":{"0":2,"1":4},"f":{"0":4},"b":{},"meta":{"lastBranch":0,"lastFunction":1,"lastStatement":2,"seen":{"s:3:32:59:Infinity":0,"f:3:32:3:38":0,"s:4:2:57:Infinity":1}}}
,"C:\\Users\\asphl\\Desktop\\NoviZaLiz\\enes-holistic-coaching-v2\\components\\Hero.tsx": {"path":"C:\\Users\\asphl\\Desktop\\NoviZaLiz\\enes-holistic-coaching-v2\\components\\Hero.tsx","statementMap":{"0":{"start":{"line":9,"column":41},"end":{"line":69,"column":null}},"1":{"start":{"line":10,"column":29},"end":{"line":12,"column":null}},"2":{"start":{"line":11,"column":4},"end":{"line":11,"column":null}},"3":{"start":{"line":14,"column":2},"end":{"line":67,"column":null}}},"fnMap":{"0":{"name":"(anonymous_0)","decl":{"start":{"line":9,"column":41},"end":{"line":9,"column":42}},"loc":{"start":{"line":9,"column":65},"end":{"line":69,"column":null}},"line":9},"1":{"name":"(anonymous_1)","decl":{"start":{"line":10,"column":29},"end":{"line":10,"column":35}},"loc":{"start":{"line":10,"column":35},"end":{"line":12,"column":null}},"line":10}},"branchMap":{},"s":{"0":1,"1":3,"2":0,"3":3},"f":{"0":3,"1":0},"b":{},"meta":{"lastBranch":0,"lastFunction":2,"lastStatement":4,"seen":{"s:9:41:69:Infinity":0,"f:9:41:9:42":0,"s:10:29:12:Infinity":1,"f:10:29:10:35":1,"s:11:4:11:Infinity":2,"s:14:2:67:Infinity":3}}}
,"C:\\Users\\asphl\\Desktop\\NoviZaLiz\\enes-holistic-coaching-v2\\components\\HowItWorks.tsx": {"path":"C:\\Users\\asphl\\Desktop\\NoviZaLiz\\enes-holistic-coaching-v2\\components\\HowItWorks.tsx","statementMap":{"0":{"start":{"line":3,"column":36},"end":{"line":64,"column":null}},"1":{"start":{"line":4,"column":18},"end":{"line":20,"column":null}},"2":{"start":{"line":22,"column":4},"end":{"line":62,"column":null}},"3":{"start":{"line":38,"column":24},"end":{"line":58,"column":null}}},"fnMap":{"0":{"name":"(anonymous_0)","decl":{"start":{"line":3,"column":36},"end":{"line":3,"column":42}},"loc":{"start":{"line":3,"column":42},"end":{"line":64,"column":null}},"line":3},"1":{"name":"(anonymous_1)","decl":{"start":{"line":37,"column":31},"end":{"line":37,"column":32}},"loc":{"start":{"line":38,"column":24},"end":{"line":58,"column":null}},"line":38}},"branchMap":{"0":{"loc":{"start":{"line":45,"column":29},"end":{"line":46,"column":null}},"type":"binary-expr","locations":[{"start":{"line":45,"column":29},"end":{"line":45,"column":null}},{"start":{"line":46,"column":32},"end":{"line":46,"column":null}}],"line":45}},"s":{"0":1,"1":3,"2":3,"3":9},"f":{"0":3,"1":9},"b":{"0":[9,6]},"meta":{"lastBranch":1,"lastFunction":2,"lastStatement":4,"seen":{"s:3:36:64:Infinity":0,"f:3:36:3:42":0,"s:4:18:20:Infinity":1,"s:22:4:62:Infinity":2,"f:37:31:37:32":1,"s:38:24:58:Infinity":3,"b:45:29:45:Infinity:46:32:46:Infinity":0}}}
,"C:\\Users\\asphl\\Desktop\\NoviZaLiz\\enes-holistic-coaching-v2\\components\\IsThisForMe.tsx": {"path":"C:\\Users\\asphl\\Desktop\\NoviZaLiz\\enes-holistic-coaching-v2\\components\\IsThisForMe.tsx","statementMap":{"0":{"start":{"line":3,"column":37},"end":{"line":115,"column":null}},"1":{"start":{"line":4,"column":18},"end":{"line":61,"column":null}},"2":{"start":{"line":63,"column":4},"end":{"line":113,"column":null}},"3":{"start":{"line":79,"column":24},"end":{"line":109,"column":null}},"4":{"start":{"line":101,"column":36},"end":{"line":106,"column":null}}},"fnMap":{"0":{"name":"(anonymous_0)","decl":{"start":{"line":3,"column":37},"end":{"line":3,"column":43}},"loc":{"start":{"line":3,"column":43},"end":{"line":115,"column":null}},"line":3},"1":{"name":"(anonymous_1)","decl":{"start":{"line":78,"column":31},"end":{"line":78,"column":32}},"loc":{"start":{"line":79,"column":24},"end":{"line":109,"column":null}},"line":79},"2":{"name":"(anonymous_2)","decl":{"start":{"line":100,"column":50},"end":{"line":100,"column":51}},"loc":{"start":{"line":101,"column":36},"end":{"line":106,"column":null}},"line":101}},"branchMap":{},"s":{"0":1,"1":3,"2":3,"3":12,"4":36},"f":{"0":3,"1":12,"2":36},"b":{},"meta":{"lastBranch":0,"lastFunction":3,"lastStatement":5,"seen":{"s:3:37:115:Infinity":0,"f:3:37:3:43":0,"s:4:18:61:Infinity":1,"s:63:4:113:Infinity":2,"f:78:31:78:32":1,"s:79:24:109:Infinity":3,"f:100:50:100:51":2,"s:101:36:106:Infinity":4}}}
,"C:\\Users\\asphl\\Desktop\\NoviZaLiz\\enes-holistic-coaching-v2\\components\\MeetEnes.tsx": {"path":"C:\\Users\\asphl\\Desktop\\NoviZaLiz\\enes-holistic-coaching-v2\\components\\MeetEnes.tsx","statementMap":{"0":{"start":{"line":4,"column":34},"end":{"line":54,"column":null}},"1":{"start":{"line":5,"column":4},"end":{"line":52,"column":null}}},"fnMap":{"0":{"name":"(anonymous_0)","decl":{"start":{"line":4,"column":34},"end":{"line":4,"column":40}},"loc":{"start":{"line":4,"column":40},"end":{"line":54,"column":null}},"line":4}},"branchMap":{},"s":{"0":1,"1":3},"f":{"0":3},"b":{},"meta":{"lastBranch":0,"lastFunction":1,"lastStatement":2,"seen":{"s:4:34:54:Infinity":0,"f:4:34:4:40":0,"s:5:4:52:Infinity":1}}}
,"C:\\Users\\asphl\\Desktop\\NoviZaLiz\\enes-holistic-coaching-v2\\components\\Navbar.tsx": {"path":"C:\\Users\\asphl\\Desktop\\NoviZaLiz\\enes-holistic-coaching-v2\\components\\Navbar.tsx","statementMap":{"0":{"start":{"line":12,"column":45},"end":{"line":106,"column":null}},"1":{"start":{"line":13,"column":34},"end":{"line":13,"column":null}},"2":{"start":{"line":14,"column":46},"end":{"line":14,"column":null}},"3":{"start":{"line":16,"column":2},"end":{"line":22,"column":null}},"4":{"start":{"line":17,"column":25},"end":{"line":19,"column":null}},"5":{"start":{"line":18,"column":6},"end":{"line":18,"column":null}},"6":{"start":{"line":20,"column":4},"end":{"line":20,"column":null}},"7":{"start":{"line":21,"column":4},"end":{"line":21,"column":null}},"8":{"start":{"line":21,"column":17},"end":{"line":21,"column":null}},"9":{"start":{"line":24,"column":2},"end":{"line":104,"column":null}},"10":{"start":{"line":30,"column":27},"end":{"line":30,"column":null}},"11":{"start":{"line":47,"column":16},"end":{"line":50,"column":null}},"12":{"start":{"line":48,"column":18},"end":{"line":48,"column":null}},"13":{"start":{"line":49,"column":18},"end":{"line":49,"column":null}},"14":{"start":{"line":62,"column":35},"end":{"line":62,"column":75}},"15":{"start":{"line":79,"column":138},"end":{"line":79,"column":166}},"16":{"start":{"line":80,"column":142},"end":{"line":80,"column":170}},"17":{"start":{"line":81,"column":141},"end":{"line":81,"column":169}},"18":{"start":{"line":82,"column":144},"end":{"line":82,"column":172}},"19":{"start":{"line":87,"column":16},"end":{"line":90,"column":null}},"20":{"start":{"line":88,"column":18},"end":{"line":88,"column":null}},"21":{"start":{"line":89,"column":18},"end":{"line":89,"column":null}},"22":{"start":{"line":91,"column":16},"end":{"line":91,"column":null}},"23":{"start":{"line":97,"column":39},"end":{"line":97,"column":57}},"24":{"start":{"line":97,"column":57},"end":{"line":97,"column":85}}},"fnMap":{"0":{"name":"(anonymous_0)","decl":{"start":{"line":12,"column":45},"end":{"line":12,"column":46}},"loc":{"start":{"line":12,"column":140},"end":{"line":106,"column":null}},"line":12},"1":{"name":"(anonymous_1)","decl":{"start":{"line":16,"column":12},"end":{"line":16,"column":18}},"loc":{"start":{"line":16,"column":18},"end":{"line":22,"column":5}},"line":16},"2":{"name":"(anonymous_2)","decl":{"start":{"line":17,"column":25},"end":{"line":17,"column":31}},"loc":{"start":{"line":17,"column":31},"end":{"line":19,"column":null}},"line":17},"3":{"name":"(anonymous_3)","decl":{"start":{"line":21,"column":11},"end":{"line":21,"column":17}},"loc":{"start":{"line":21,"column":17},"end":{"line":21,"column":null}},"line":21},"4":{"name":"(anonymous_4)","decl":{"start":{"line":30,"column":21},"end":{"line":30,"column":27}},"loc":{"start":{"line":30,"column":27},"end":{"line":30,"column":null}},"line":30},"5":{"name":"(anonymous_5)","decl":{"start":{"line":46,"column":23},"end":{"line":46,"column":24}},"loc":{"start":{"line":46,"column":34},"end":{"line":51,"column":null}},"line":46},"6":{"name":"(anonymous_6)","decl":{"start":{"line":62,"column":29},"end":{"line":62,"column":35}},"loc":{"start":{"line":62,"column":35},"end":{"line":62,"column":75}},"line":62},"7":{"name":"(anonymous_7)","decl":{"start":{"line":79,"column":132},"end":{"line":79,"column":138}},"loc":{"start":{"line":79,"column":138},"end":{"line":79,"column":166}},"line":79},"8":{"name":"(anonymous_8)","decl":{"start":{"line":80,"column":136},"end":{"line":80,"column":142}},"loc":{"start":{"line":80,"column":142},"end":{"line":80,"column":170}},"line":80},"9":{"name":"(anonymous_9)","decl":{"start":{"line":81,"column":135},"end":{"line":81,"column":141}},"loc":{"start":{"line":81,"column":141},"end":{"line":81,"column":169}},"line":81},"10":{"name":"(anonymous_10)","decl":{"start":{"line":82,"column":138},"end":{"line":82,"column":144}},"loc":{"start":{"line":82,"column":144},"end":{"line":82,"column":172}},"line":82},"11":{"name":"(anonymous_11)","decl":{"start":{"line":86,"column":23},"end":{"line":86,"column":24}},"loc":{"start":{"line":86,"column":34},"end":{"line":92,"column":null}},"line":86},"12":{"name":"(anonymous_12)","decl":{"start":{"line":97,"column":31},"end":{"line":97,"column":37}},"loc":{"start":{"line":97,"column":37},"end":{"line":97,"column":88}},"line":97}},"branchMap":{"0":{"loc":{"start":{"line":12,"column":64},"end":{"line":12,"column":99}},"type":"default-arg","locations":[{"start":{"line":12,"column":82},"end":{"line":12,"column":99}}],"line":12},"1":{"loc":{"start":{"line":25,"column":69},"end":{"line":25,"column":151}},"type":"cond-expr","locations":[{"start":{"line":25,"column":82},"end":{"line":25,"column":130}},{"start":{"line":25,"column":130},"end":{"line":25,"column":151}}],"line":25},"2":{"loc":{"start":{"line":34,"column":76},"end":{"line":34,"column":122}},"type":"cond-expr","locations":[{"start":{"line":34,"column":89},"end":{"line":34,"column":107}},{"start":{"line":34,"column":107},"end":{"line":34,"column":122}}],"line":34},"3":{"loc":{"start":{"line":47,"column":16},"end":{"line":50,"column":null}},"type":"if","locations":[{"start":{"line":47,"column":16},"end":{"line":50,"column":null}},{"start":{},"end":{}}],"line":47},"4":{"loc":{"start":{"line":64,"column":17},"end":{"line":67,"column":null}},"type":"cond-expr","locations":[{"start":{"line":65,"column":18},"end":{"line":65,"column":null}},{"start":{"line":67,"column":18},"end":{"line":67,"column":null}}],"line":64},"5":{"loc":{"start":{"line":76,"column":7},"end":{"line":102,"column":null}},"type":"binary-expr","locations":[{"start":{"line":76,"column":7},"end":{"line":76,"column":null}},{"start":{"line":77,"column":8},"end":{"line":102,"column":null}}],"line":76},"6":{"loc":{"start":{"line":87,"column":16},"end":{"line":90,"column":null}},"type":"if","locations":[{"start":{"line":87,"column":16},"end":{"line":90,"column":null}},{"start":{},"end":{}}],"line":87}},"s":{"0":3,"1":7,"2":7,"3":7,"4":7,"5":0,"6":7,"7":7,"8":7,"9":7,"10":0,"11":0,"12":0,"13":0,"14":0,"15":0,"16":0,"17":0,"18":0,"19":0,"20":0,"21":0,"22":0,"23":0,"24":0},"f":{"0":7,"1":7,"2":0,"3":7,"4":0,"5":0,"6":0,"7":0,"8":0,"9":0,"10":0,"11":0,"12":0},"b":{"0":[7],"1":[0,7],"2":[0,7],"3":[0,0],"4":[0,7],"5":[7,0],"6":[0,0]},"meta":{"lastBranch":7,"lastFunction":13,"lastStatement":25,"seen":{"s:12:45:106:Infinity":0,"f:12:45:12:46":0,"b:12:82:12:99":0,"s:13:34:13:Infinity":1,"s:14:46:14:Infinity":2,"s:16:2:22:Infinity":3,"f:16:12:16:18":1,"s:17:25:19:Infinity":4,"f:17:25:17:31":2,"s:18:6:18:Infinity":5,"s:20:4:20:Infinity":6,"s:21:4:21:Infinity":7,"f:21:11:21:17":3,"s:21:17:21:Infinity":8,"s:24:2:104:Infinity":9,"b:25:82:25:130:25:130:25:151":1,"f:30:21:30:27":4,"s:30:27:30:Infinity":10,"b:34:89:34:107:34:107:34:122":2,"f:46:23:46:24":5,"b:47:16:50:Infinity:undefined:undefined:undefined:undefined":3,"s:47:16:50:Infinity":11,"s:48:18:48:Infinity":12,"s:49:18:49:Infinity":13,"f:62:29:62:35":6,"s:62:35:62:75":14,"b:65:18:65:Infinity:67:18:67:Infinity":4,"b:76:7:76:Infinity:77:8:102:Infinity":5,"f:79:132:79:138":7,"s:79:138:79:166":15,"f:80:136:80:142":8,"s:80:142:80:170":16,"f:81:135:81:141":9,"s:81:141:81:169":17,"f:82:138:82:144":10,"s:82:144:82:172":18,"f:86:23:86:24":11,"b:87:16:90:Infinity:undefined:undefined:undefined:undefined":6,"s:87:16:90:Infinity":19,"s:88:18:88:Infinity":20,"s:89:18:89:Infinity":21,"s:91:16:91:Infinity":22,"f:97:31:97:37":12,"s:97:39:97:57":23,"s:97:57:97:85":24}}}
,"C:\\Users\\asphl\\Desktop\\NoviZaLiz\\enes-holistic-coaching-v2\\components\\PlansAndPricing.tsx": {"path":"C:\\Users\\asphl\\Desktop\\NoviZaLiz\\enes-holistic-coaching-v2\\components\\PlansAndPricing.tsx","statementMap":{"0":{"start":{"line":3,"column":41},"end":{"line":123,"column":null}},"1":{"start":{"line":4,"column":18},"end":{"line":43,"column":null}},"2":{"start":{"line":45,"column":4},"end":{"line":121,"column":null}},"3":{"start":{"line":64,"column":24},"end":{"line":104,"column":null}},"4":{"start":{"line":96,"column":36},"end":{"line":101,"column":null}}},"fnMap":{"0":{"name":"(anonymous_0)","decl":{"start":{"line":3,"column":41},"end":{"line":3,"column":47}},"loc":{"start":{"line":3,"column":47},"end":{"line":123,"column":null}},"line":3},"1":{"name":"(anonymous_1)","decl":{"start":{"line":63,"column":31},"end":{"line":63,"column":32}},"loc":{"start":{"line":64,"column":24},"end":{"line":104,"column":null}},"line":64},"2":{"name":"(anonymous_2)","decl":{"start":{"line":95,"column":51},"end":{"line":95,"column":52}},"loc":{"start":{"line":96,"column":36},"end":{"line":101,"column":null}},"line":96}},"branchMap":{"0":{"loc":{"start":{"line":66,"column":146},"end":{"line":66,"column":null}},"type":"cond-expr","locations":[{"start":{"line":66,"column":163},"end":{"line":66,"column":203}},{"start":{"line":66,"column":203},"end":{"line":66,"column":null}}],"line":66},"1":{"loc":{"start":{"line":70,"column":29},"end":{"line":75,"column":null}},"type":"binary-expr","locations":[{"start":{"line":70,"column":29},"end":{"line":70,"column":null}},{"start":{"line":71,"column":32},"end":{"line":75,"column":null}}],"line":70}},"s":{"0":1,"1":3,"2":3,"3":9,"4":42},"f":{"0":3,"1":9,"2":42},"b":{"0":[3,6],"1":[9,3]},"meta":{"lastBranch":2,"lastFunction":3,"lastStatement":5,"seen":{"s:3:41:123:Infinity":0,"f:3:41:3:47":0,"s:4:18:43:Infinity":1,"s:45:4:121:Infinity":2,"f:63:31:63:32":1,"s:64:24:104:Infinity":3,"b:66:163:66:203:66:203:66:Infinity":0,"b:70:29:70:Infinity:71:32:75:Infinity":1,"f:95:51:95:52":2,"s:96:36:101:Infinity":4}}}
,"C:\\Users\\asphl\\Desktop\\NoviZaLiz\\enes-holistic-coaching-v2\\components\\Testimonials.tsx": {"path":"C:\\Users\\asphl\\Desktop\\NoviZaLiz\\enes-holistic-coaching-v2\\components\\Testimonials.tsx","statementMap":{"0":{"start":{"line":4,"column":52},"end":{"line":39,"column":null}},"1":{"start":{"line":6,"column":22},"end":{"line":6,"column":null}},"2":{"start":{"line":7,"column":22},"end":{"line":7,"column":null}},"3":{"start":{"line":8,"column":22},"end":{"line":8,"column":null}},"4":{"start":{"line":10,"column":2},"end":{"line":37,"column":null}},"5":{"start":{"line":18,"column":12},"end":{"line":18,"column":null}},"6":{"start":{"line":41,"column":38},"end":{"line":82,"column":null}},"7":{"start":{"line":42,"column":43},"end":{"line":61,"column":null}},"8":{"start":{"line":63,"column":2},"end":{"line":80,"column":null}},"9":{"start":{"line":76,"column":12},"end":{"line":76,"column":null}}},"fnMap":{"0":{"name":"(anonymous_0)","decl":{"start":{"line":4,"column":52},"end":{"line":4,"column":53}},"loc":{"start":{"line":4,"column":86},"end":{"line":39,"column":null}},"line":4},"1":{"name":"(anonymous_1)","decl":{"start":{"line":17,"column":29},"end":{"line":17,"column":30}},"loc":{"start":{"line":18,"column":12},"end":{"line":18,"column":null}},"line":18},"2":{"name":"(anonymous_2)","decl":{"start":{"line":41,"column":38},"end":{"line":41,"column":44}},"loc":{"start":{"line":41,"column":44},"end":{"line":82,"column":null}},"line":41},"3":{"name":"(anonymous_3)","decl":{"start":{"line":75,"column":28},"end":{"line":75,"column":29}},"loc":{"start":{"line":76,"column":12},"end":{"line":76,"column":null}},"line":76}},"branchMap":{"0":{"loc":{"start":{"line":7,"column":22},"end":{"line":7,"column":null}},"type":"cond-expr","locations":[{"start":{"line":7,"column":40},"end":{"line":7,"column":78}},{"start":{"line":7,"column":78},"end":{"line":7,"column":null}}],"line":7},"1":{"loc":{"start":{"line":8,"column":22},"end":{"line":8,"column":null}},"type":"cond-expr","locations":[{"start":{"line":8,"column":40},"end":{"line":8,"column":75}},{"start":{"line":8,"column":75},"end":{"line":8,"column":null}}],"line":8},"2":{"loc":{"start":{"line":22,"column":12},"end":{"line":22,"column":58}},"type":"binary-expr","locations":[{"start":{"line":22,"column":12},"end":{"line":22,"column":27}},{"start":{"line":22,"column":27},"end":{"line":22,"column":58}}],"line":22}},"s":{"0":1,"1":9,"2":9,"3":9,"4":9,"5":45,"6":1,"7":3,"8":3,"9":9},"f":{"0":9,"1":45,"2":3,"3":9},"b":{"0":[9,0],"1":[9,0],"2":[9,9]},"meta":{"lastBranch":3,"lastFunction":4,"lastStatement":10,"seen":{"s:4:52:39:Infinity":0,"f:4:52:4:53":0,"s:6:22:6:Infinity":1,"s:7:22:7:Infinity":2,"b:7:40:7:78:7:78:7:Infinity":0,"s:8:22:8:Infinity":3,"b:8:40:8:75:8:75:8:Infinity":1,"s:10:2:37:Infinity":4,"f:17:29:17:30":1,"s:18:12:18:Infinity":5,"b:22:12:22:27:22:27:22:58":2,"s:41:38:82:Infinity":6,"f:41:38:41:44":2,"s:42:43:61:Infinity":7,"s:63:2:80:Infinity":8,"f:75:28:75:29":3,"s:76:12:76:Infinity":9}}}
,"C:\\Users\\asphl\\Desktop\\NoviZaLiz\\enes-holistic-coaching-v2\\components\\ThreePillars.tsx": {"path":"C:\\Users\\asphl\\Desktop\\NoviZaLiz\\enes-holistic-coaching-v2\\components\\ThreePillars.tsx","statementMap":{"0":{"start":{"line":3,"column":38},"end":{"line":84,"column":null}},"1":{"start":{"line":4,"column":20},"end":{"line":35,"column":null}},"2":{"start":{"line":37,"column":4},"end":{"line":82,"column":null}},"3":{"start":{"line":53,"column":24},"end":{"line":78,"column":null}},"4":{"start":{"line":70,"column":36},"end":{"line":75,"column":null}}},"fnMap":{"0":{"name":"(anonymous_0)","decl":{"start":{"line":3,"column":38},"end":{"line":3,"column":44}},"loc":{"start":{"line":3,"column":44},"end":{"line":84,"column":null}},"line":3},"1":{"name":"(anonymous_1)","decl":{"start":{"line":52,"column":33},"end":{"line":52,"column":34}},"loc":{"start":{"line":53,"column":24},"end":{"line":78,"column":null}},"line":53},"2":{"name":"(anonymous_2)","decl":{"start":{"line":69,"column":52},"end":{"line":69,"column":53}},"loc":{"start":{"line":70,"column":36},"end":{"line":75,"column":null}},"line":70}},"branchMap":{},"s":{"0":1,"1":3,"2":3,"3":9,"4":27},"f":{"0":3,"1":9,"2":27},"b":{},"meta":{"lastBranch":0,"lastFunction":3,"lastStatement":5,"seen":{"s:3:38:84:Infinity":0,"f:3:38:3:44":0,"s:4:20:35:Infinity":1,"s:37:4:82:Infinity":2,"f:52:33:52:34":1,"s:53:24:78:Infinity":3,"f:69:52:69:53":2,"s:70:36:75:Infinity":4}}}
,"C:\\Users\\asphl\\Desktop\\NoviZaLiz\\enes-holistic-coaching-v2\\components\\TrustBadges.tsx": {"path":"C:\\Users\\asphl\\Desktop\\NoviZaLiz\\enes-holistic-coaching-v2\\components\\TrustBadges.tsx","statementMap":{"0":{"start":{"line":3,"column":37},"end":{"line":58,"column":null}},"1":{"start":{"line":4,"column":19},"end":{"line":38,"column":null}},"2":{"start":{"line":40,"column":4},"end":{"line":56,"column":null}},"3":{"start":{"line":45,"column":24},"end":{"line":52,"column":null}}},"fnMap":{"0":{"name":"(anonymous_0)","decl":{"start":{"line":3,"column":37},"end":{"line":3,"column":43}},"loc":{"start":{"line":3,"column":43},"end":{"line":58,"column":null}},"line":3},"1":{"name":"(anonymous_1)","decl":{"start":{"line":44,"column":32},"end":{"line":44,"column":33}},"loc":{"start":{"line":45,"column":24},"end":{"line":52,"column":null}},"line":45}},"branchMap":{},"s":{"0":1,"1":3,"2":3,"3":12},"f":{"0":3,"1":12},"b":{},"meta":{"lastBranch":0,"lastFunction":2,"lastStatement":4,"seen":{"s:3:37:58:Infinity":0,"f:3:37:3:43":0,"s:4:19:38:Infinity":1,"s:40:4:56:Infinity":2,"f:44:32:44:33":1,"s:45:24:52:Infinity":3}}}
,"C:\\Users\\asphl\\Desktop\\NoviZaLiz\\enes-holistic-coaching-v2\\components\\WhatMakesDifferent.tsx": {"path":"C:\\Users\\asphl\\Desktop\\NoviZaLiz\\enes-holistic-coaching-v2\\components\\WhatMakesDifferent.tsx","statementMap":{"0":{"start":{"line":3,"column":44},"end":{"line":55,"column":null}},"1":{"start":{"line":4,"column":21},"end":{"line":21,"column":null}},"2":{"start":{"line":23,"column":4},"end":{"line":53,"column":null}},"3":{"start":{"line":39,"column":24},"end":{"line":49,"column":null}}},"fnMap":{"0":{"name":"(anonymous_0)","decl":{"start":{"line":3,"column":44},"end":{"line":3,"column":50}},"loc":{"start":{"line":3,"column":50},"end":{"line":55,"column":null}},"line":3},"1":{"name":"(anonymous_1)","decl":{"start":{"line":38,"column":34},"end":{"line":38,"column":35}},"loc":{"start":{"line":39,"column":24},"end":{"line":49,"column":null}},"line":39}},"branchMap":{},"s":{"0":1,"1":3,"2":3,"3":12},"f":{"0":3,"1":12},"b":{},"meta":{"lastBranch":0,"lastFunction":2,"lastStatement":4,"seen":{"s:3:44:55:Infinity":0,"f:3:44:3:50":0,"s:4:21:21:Infinity":1,"s:23:4:53:Infinity":2,"f:38:34:38:35":1,"s:39:24:49:Infinity":3}}}
,"C:\\Users\\asphl\\Desktop\\NoviZaLiz\\enes-holistic-coaching-v2\\components\\WhyDifferent.tsx": {"path":"C:\\Users\\asphl\\Desktop\\NoviZaLiz\\enes-holistic-coaching-v2\\components\\WhyDifferent.tsx","statementMap":{"0":{"start":{"line":3,"column":38},"end":{"line":48,"column":null}},"1":{"start":{"line":4,"column":21},"end":{"line":17,"column":null}},"2":{"start":{"line":19,"column":4},"end":{"line":46,"column":null}},"3":{"start":{"line":35,"column":24},"end":{"line":42,"column":null}}},"fnMap":{"0":{"name":"(anonymous_0)","decl":{"start":{"line":3,"column":38},"end":{"line":3,"column":44}},"loc":{"start":{"line":3,"column":44},"end":{"line":48,"column":null}},"line":3},"1":{"name":"(anonymous_1)","decl":{"start":{"line":34,"column":34},"end":{"line":34,"column":35}},"loc":{"start":{"line":35,"column":24},"end":{"line":42,"column":null}},"line":35}},"branchMap":{},"s":{"0":1,"1":3,"2":3,"3":9},"f":{"0":3,"1":9},"b":{},"meta":{"lastBranch":0,"lastFunction":2,"lastStatement":4,"seen":{"s:3:38:48:Infinity":0,"f:3:38:3:44":0,"s:4:21:17:Infinity":1,"s:19:4:46:Infinity":2,"f:34:34:34:35":1,"s:35:24:42:Infinity":3}}}
,"C:\\Users\\asphl\\Desktop\\NoviZaLiz\\enes-holistic-coaching-v2\\src\\assets\\founder-portrait.jpg": {"path":"C:\\Users\\asphl\\Desktop\\NoviZaLiz\\enes-holistic-coaching-v2\\src\\assets\\founder-portrait.jpg","statementMap":{},"fnMap":{},"branchMap":{},"s":{},"f":{},"b":{},"meta":{"lastBranch":0,"lastFunction":0,"lastStatement":0,"seen":{}}}
,"C:\\Users\\asphl\\Desktop\\NoviZaLiz\\enes-holistic-coaching-v2\\src\\assets\\hero-coaching.jpg": {"path":"C:\\Users\\asphl\\Desktop\\NoviZaLiz\\enes-holistic-coaching-v2\\src\\assets\\hero-coaching.jpg","statementMap":{},"fnMap":{},"branchMap":{},"s":{},"f":{},"b":{},"meta":{"lastBranch":0,"lastFunction":0,"lastStatement":0,"seen":{}}}
,"C:\\Users\\asphl\\Desktop\\NoviZaLiz\\enes-holistic-coaching-v2\\src\\assets\\lm-logo.png": {"path":"C:\\Users\\asphl\\Desktop\\NoviZaLiz\\enes-holistic-coaching-v2\\src\\assets\\lm-logo.png","statementMap":{},"fnMap":{},"branchMap":{},"s":{},"f":{},"b":{},"meta":{"lastBranch":0,"lastFunction":0,"lastStatement":0,"seen":{}}}
}
